<?xml version="1.0" encoding="UTF-8"?>
<testsuite xmlns:xsi="http://www.w3.org/2001/XMLSchema-instance" xsi:noNamespaceSchemaLocation="https://maven.apache.org/surefire/maven-surefire-plugin/xsd/surefire-test-report.xsd" name="project.assignment1.character.CharacterTests" time="0.084" tests="9" errors="0" skipped="0" failures="0">
  <properties>
    <property name="java.specification.version" value="17"/>
    <property name="sun.cpu.isalist" value="amd64"/>
    <property name="sun.jnu.encoding" value="Cp1252"/>
    <property name="java.class.path" value="C:\Users\mgary2\Desktop\ca1\rename-student_name\target\test-classes;C:\Users\mgary2\Desktop\ca1\rename-student_name\target\classes;C:\Users\mgary2\.m2\repository\junit\junit\4.11\junit-4.11.jar;C:\Users\mgary2\.m2\repository\org\hamcrest\hamcrest-core\1.3\hamcrest-core-1.3.jar;"/>
    <property name="java.vm.vendor" value="Oracle Corporation"/>
    <property name="sun.arch.data.model" value="64"/>
    <property name="user.variant" value=""/>
    <property name="java.vendor.url" value="https://java.oracle.com/"/>
    <property name="user.timezone" value="America/New_York"/>
    <property name="os.name" value="Windows 10"/>
    <property name="java.vm.specification.version" value="17"/>
    <property name="sun.java.launcher" value="SUN_STANDARD"/>
    <property name="user.country" value="US"/>
    <property name="sun.boot.library.path" value="C:\Program Files\Java\jdk-17.0.1\bin"/>
    <property name="sun.java.command" value="C:\Users\mgary2\AppData\Local\Temp\surefire14068051810173547114\surefirebooter17804490147533308569.jar C:\Users\mgary2\AppData\Local\Temp\surefire14068051810173547114 2021-11-12T06-18-08_857-jvmRun1 surefire6579888203319436134tmp surefire_015267600427781147597tmp"/>
    <property name="jdk.debug" value="release"/>
    <property name="surefire.test.class.path" value="C:\Users\mgary2\Desktop\ca1\rename-student_name\target\test-classes;C:\Users\mgary2\Desktop\ca1\rename-student_name\target\classes;C:\Users\mgary2\.m2\repository\junit\junit\4.11\junit-4.11.jar;C:\Users\mgary2\.m2\repository\org\hamcrest\hamcrest-core\1.3\hamcrest-core-1.3.jar;"/>
    <property name="sun.cpu.endian" value="little"/>
    <property name="user.home" value="C:\Users\mgary2"/>
    <property name="user.language" value="en"/>
    <property name="java.specification.vendor" value="Oracle Corporation"/>
    <property name="java.version.date" value="2021-10-19"/>
    <property name="java.home" value="C:\Program Files\Java\jdk-17.0.1"/>
    <property name="file.separator" value="\"/>
    <property name="basedir" value="C:\Users\mgary2\Desktop\ca1\rename-student_name"/>
    <property name="java.vm.compressedOopsMode" value="Zero based"/>
    <property name="line.separator" value="&#10;"/>
    <property name="java.vm.specification.vendor" value="Oracle Corporation"/>
    <property name="java.specification.name" value="Java Platform API Specification"/>
    <property name="surefire.real.class.path" value="C:\Users\mgary2\AppData\Local\Temp\surefire14068051810173547114\surefirebooter17804490147533308569.jar"/>
    <property name="user.script" value=""/>
    <property name="sun.management.compiler" value="HotSpot 64-Bit Tiered Compilers"/>
    <property name="java.runtime.version" value="17.0.1+12-LTS-39"/>
    <property name="user.name" value="mgary2"/>
    <property name="path.separator" value=";"/>
    <property name="os.version" value="10.0"/>
    <property name="java.runtime.name" value="Java(TM) SE Runtime Environment"/>
    <property name="file.encoding" value="Cp1252"/>
    <property name="java.vm.name" value="Java HotSpot(TM) 64-Bit Server VM"/>
    <property name="localRepository" value="C:\Users\mgary2\.m2\repository"/>
    <property name="java.vendor.url.bug" value="https://bugreport.java.com/bugreport/"/>
    <property name="java.io.tmpdir" value="C:\Users\mgary2\AppData\Local\Temp\"/>
    <property name="java.version" value="17.0.1"/>
    <property name="user.dir" value="C:\Users\mgary2\Desktop\ca1\rename-student_name"/>
    <property name="os.arch" value="amd64"/>
    <property name="java.vm.specification.name" value="Java Virtual Machine Specification"/>
    <property name="sun.os.patch.level" value=""/>
    <property name="native.encoding" value="Cp1252"/>
    <property name="java.library.path" value="C:\Program Files\Java\jdk-17.0.1\bin;C:\Windows\Sun\Java\bin;C:\Windows\system32;C:\Windows;C:\Users\mgary2\bin;C:\Program Files\Git\mingw64\bin;C:\Program Files\Git\usr\local\bin;C:\Program Files\Git\usr\bin;C:\Program Files\Git\usr\bin;C:\Program Files\Git\mingw64\bin;C:\Program Files\Git\usr\bin;C:\Users\mgary2\bin;C:\Users\mgary2\Downloads\apache-maven-3.8.3-bin\apache-maven-3.8.3\bin;C:\Users\mgary2\AppData\Local\Microsoft\WindowsApps;C:\Program Files\Git\usr\bin\vendor_perl;C:\Program Files\Git\usr\bin\core_perl;C;C:\Program Files\Java\jdk-17.0.1;C;C:\Program Files\Git\Program Files\Java\jdk-17.0.1\bin;."/>
    <property name="java.vm.info" value="mixed mode, sharing"/>
    <property name="java.vendor" value="Oracle Corporation"/>
    <property name="java.vm.version" value="17.0.1+12-LTS-39"/>
    <property name="sun.io.unicode.encoding" value="UnicodeLittle"/>
    <property name="java.class.version" value="61.0"/>
  </properties>
  <testcase name="checkMonsterClassFailedfulAttack" classname="project.assignment1.character.CharacterTests" time="0.006"/>
  <testcase name="checkIfMonsterDecidesRandomly" classname="project.assignment1.character.CharacterTests" time="0.019"/>
  <testcase name="checkHealthFunctionality" classname="project.assignment1.character.CharacterTests" time="0.001"/>
  <testcase name="checkIfPlayerDefenceLooksRandom" classname="project.assignment1.character.CharacterTests" time="0.009"/>
  <testcase name="checkIfMonsterDefenceLooksRandom" classname="project.assignment1.character.CharacterTests" time="0.009"/>
  <testcase name="checkPlayerClassSuccesfulAttack" classname="project.assignment1.character.CharacterTests" time="0.002"/>
  <testcase name="checkMonsterClassSuccesfulAttack" classname="project.assignment1.character.CharacterTests" time="0.001"/>
  <testcase name="checkSayName" classname="project.assignment1.character.CharacterTests" time="0.001"/>
  <testcase name="checkPlayerClassFailedfulAttack" classname="project.assignment1.character.CharacterTests" time="0.001"/>
</testsuite>